           1   1.0000000000000000        1.0000000000000000     
           2   2.0000000000000000        2.0000000000000000     
           3   6.0000000000000000        6.0000000000000000     
           4   24.000000000000000        24.000000000000000     
           5   120.00000000000000        120.00000000000000     
           6   720.00000000000000        720.00000000000000     
           7   5040.0000000000000        5040.0000000000000     
           8   40320.000000000000        40320.000000000000     
           9   362880.00000000000        362880.00000000000     
          10   3628800.0000000000        3628800.0000000000     
          11   39916800.000000000        39916800.000000000     
          12   479001600.00000000        479001600.00000000     
          13   6227020800.0000000        6227020800.0000000     
          14   87178291200.000000        87178291200.000000     
          15   1307674368000.0000        1307674368000.0000     
          16   20922789888000.000        20922789888000.000     
          17   355687428096000.00        355687428096000.00     
          18   6402373705728000.0        6402373705728000.0     
          19   1.2164510040883200E+017   1.2164510040883200E+017
          20   2.4329020081766400E+018   2.4329020081766400E+018
          21   5.1090942171709440E+019   5.1090942171709440E+019
          22   1.1240007277776077E+021   1.1240007277776077E+021
          23   2.5852016738884978E+022   2.5852016738884978E+022
          24   6.2044840173323941E+023   6.2044840173323941E+023
          25   1.5511210043330986E+025   1.5511210043330986E+025
          26   4.0329146112660565E+026   4.0329146112660565E+026
          27   1.0888869450418352E+028   1.0888869450418352E+028
          28   3.0488834461171384E+029   3.0488834461171384E+029
          29   8.8417619937397008E+030   8.8417619937397008E+030
          30   2.6525285981219103E+032   2.6525285981219103E+032
          31   8.2228386541779224E+033   8.2228386541779224E+033
          32   2.6313083693369352E+035   2.6313083693369352E+035
          33   8.6833176188118859E+036   8.6833176188118859E+036
          34   2.9523279903960412E+038   2.9523279903960412E+038
          35   1.0333147966386144E+040   1.0333147966386144E+040
          36   3.7199332678990118E+041   3.7199332678990118E+041
          37   1.3763753091226343E+043   1.3763753091226343E+043
          38   5.2302261746660104E+044   5.2302261746660104E+044
          39   2.0397882081197442E+046   2.0397882081197442E+046
          40   8.1591528324789768E+047   8.1591528324789768E+047
          41   3.3452526613163803E+049   3.3452526613163803E+049
          42   1.4050061177528798E+051   1.4050061177528798E+051
          43   6.0415263063373834E+052   6.0415263063373834E+052
          44   2.6582715747884485E+054   2.6582715747884485E+054
          45   1.1962222086548019E+056   1.1962222086548019E+056
          46   5.5026221598120885E+057   5.5026221598120885E+057
          47   2.5862324151116818E+059   2.5862324151116818E+059
          48   1.2413915592536073E+061   1.2413915592536073E+061
          49   6.0828186403426752E+062   6.0828186403426752E+062
          50   3.0414093201713376E+064   3.0414093201713376E+064
          51   1.5511187532873822E+066   1.5511187532873822E+066
          52   8.0658175170943877E+067   8.0658175170943877E+067
          53   4.2748832840600255E+069   4.2748832840600255E+069
          54   2.3084369733924138E+071   2.3084369733924138E+071
          55   1.2696403353658276E+073   1.2696403353658276E+073
          56   7.1099858780486348E+074   7.1099858780486348E+074
          57   4.0526919504877221E+076   4.0526919504877221E+076
          58   2.3505613312828789E+078   2.3505613312828789E+078
          59   1.3868311854568986E+080   1.3868311854568986E+080
          60   8.3209871127413916E+081   8.3209871127413916E+081
          61   5.0758021387722484E+083   5.0758021387722484E+083
          62   3.1469973260387939E+085   3.1469973260387939E+085
          63   1.9826083154044401E+087   1.9826083154044401E+087
          64   1.2688693218588417E+089   1.2688693218588417E+089
          65   8.2476505920824715E+090   8.2476505920824715E+090
          66   5.4434493907744307E+092   5.4434493907744307E+092
          67   3.6471110918188683E+094   3.6471110918188683E+094
          68   2.4800355424368305E+096   2.4800355424368305E+096
          69   1.7112245242814130E+098   1.7112245242814130E+098
          70   1.1978571669969890E+100   1.1978571669969890E+100
          71   8.5047858856786218E+101   8.5047858856786218E+101
          72   6.1234458376886077E+103   6.1234458376886077E+103
          73   4.4701154615126834E+105   4.4701154615126834E+105
          74   3.3078854415193856E+107   3.3078854415193856E+107
          75   2.4809140811395391E+109   2.4809140811395391E+109
          76   1.8854947016660498E+111   1.8854947016660498E+111
          77   1.4518309202828584E+113   1.4518309202828584E+113
          78   1.1324281178206295E+115   1.1324281178206295E+115
          79   8.9461821307829729E+116   8.9461821307829729E+116
          80   7.1569457046263779E+118   7.1569457046263779E+118
          81   5.7971260207473655E+120   5.7971260207473655E+120
          82   4.7536433370128398E+122   4.7536433370128398E+122
          83   3.9455239697206569E+124   3.9455239697206569E+124
          84   3.3142401345653520E+126   3.3142401345653520E+126
          85   2.8171041143805494E+128   2.8171041143805494E+128
          86   2.4227095383672724E+130   2.4227095383672724E+130
          87   2.1077572983795269E+132   2.1077572983795269E+132
          88   1.8548264225739836E+134   1.8548264225739836E+134
          89   1.6507955160908452E+136   1.6507955160908452E+136
          90   1.4857159644817607E+138   1.4857159644817607E+138
          91   1.3520015276784023E+140   1.3520015276784023E+140
          92   1.2438414054641300E+142   1.2438414054641300E+142
          93   1.1567725070816409E+144   1.1567725070816409E+144
          94   1.0873661566567424E+146   1.0873661566567424E+146
          95   1.0329978488239052E+148   1.0329978488239052E+148
          96   9.9167793487094910E+149   9.9167793487094910E+149
          97   9.6192759682482062E+151   9.6192759682482062E+151
          98   9.4268904488832420E+153   9.4268904488832420E+153
          99   9.3326215443944096E+155   9.3326215443944096E+155
         100   9.3326215443944102E+157   9.3326215443944102E+157
