           0   1.0000000000000000     
           1   1.0000000000000000     
           2   2.0000000000000000     
           3   3.0000000000000000     
           4   5.0000000000000000     
           5   8.0000000000000000     
           6   13.000000000000000     
           7   21.000000000000000     
           8   34.000000000000000     
           9   55.000000000000000     
          10   89.000000000000000     
          11   144.00000000000000     
          12   233.00000000000000     
          13   377.00000000000000     
          14   610.00000000000000     
          15   987.00000000000000     
          16   1597.0000000000000     
          17   2584.0000000000000     
          18   4181.0000000000000     
          19   6765.0000000000000     
          20   10946.000000000000     
          21   17711.000000000000     
          22   28657.000000000000     
          23   46368.000000000000     
          24   75025.000000000000     
          25   121393.00000000000     
          26   196418.00000000000     
          27   317811.00000000000     
          28   514229.00000000000     
          29   832040.00000000000     
          30   1346269.0000000000     
          31   2178309.0000000000     
          32   3524578.0000000000     
          33   5702887.0000000000     
          34   9227465.0000000000     
          35   14930352.000000000     
          36   24157817.000000000     
          37   39088169.000000000     
          38   63245986.000000000     
          39   102334155.00000000     
          40   165580141.00000000     
          41   267914296.00000000     
          42   433494437.00000000     
          43   701408733.00000000     
          44   1134903170.0000000     
          45   1836311903.0000000     
          46   2971215073.0000000     
          47   4807526976.0000000     
          48   7778742049.0000000     
          49   12586269025.000000     
          50   20365011074.000000     
          51   32951280099.000000     
          52   53316291173.000000     
          53   86267571272.000000     
          54   139583862445.00000     
          55   225851433717.00000     
          56   365435296162.00000     
          57   591286729879.00000     
          58   956722026041.00000     
          59   1548008755920.0000     
          60   2504730781961.0000     
          61   4052739537881.0000     
          62   6557470319842.0000     
          63   10610209857723.000     
          64   17167680177565.000     
          65   27777890035288.000     
          66   44945570212853.000     
          67   72723460248141.000     
          68   117669030460994.00     
          69   190392490709135.00     
          70   308061521170129.00     
          71   498454011879264.00     
          72   806515533049393.00     
          73   1304969544928657.0     
          74   2111485077978050.0     
          75   3416454622906707.0     
          76   5527939700884757.0     
          77   8944394323791464.0     
          78   14472334024676220.     
          79   23416728348467684.     
          80   37889062373143904.     
          81   61305790721611584.     
          82   99194853094755488.     
          83   1.6050064381636707E+017
          84   2.5969549691112256E+017
          85   4.2019614072748966E+017
          86   6.7989163763861222E+017
          87   1.1000877783661019E+018
          88   1.7799794160047140E+018
          89   2.8800671943708160E+018
          90   4.6600466103755305E+018
          91   7.5401138047463465E+018
          92   1.2200160415121877E+019
          93   1.9740274219868226E+019
          94   3.1940434634990100E+019
          95   5.1680708854858326E+019
          96   8.3621143489848426E+019
          97   1.3530185234470676E+020
          98   2.1892299583455520E+020
          99   3.5422484817926200E+020
         100   5.7314784401381720E+020
